<?xml version="1.0" encoding="UTF-8"?>
<testsuite name="com.vehicletelemetry.DashboardViewModelTest" tests="11" skipped="0" failures="0" errors="0" timestamp="2026-06-18T11:17:03.026Z" hostname="MacBook-Air-cua-TRUNG.local" time="0.598">
  <properties/>
  <testcase name="door status computed correctly" classname="com.vehicletelemetry.DashboardViewModelTest" time="0.545"/>
  <testcase name="reconnecting state shown with attempt number" classname="com.vehicletelemetry.DashboardViewModelTest" time="0.018"/>
  <testcase name="error state reflected in ui" classname="com.vehicletelemetry.DashboardViewModelTest" time="0.004"/>
  <testcase name="warning appears and can be dismissed" classname="com.vehicletelemetry.DashboardViewModelTest" time="0.004"/>
  <testcase name="warning added to history" classname="com.vehicletelemetry.DashboardViewModelTest" time="0.004"/>
  <testcase name="uiState flow emits on telemetry update" classname="com.vehicletelemetry.DashboardViewModelTest" time="0.01"/>
  <testcase name="reconnect calls use case" classname="com.vehicletelemetry.DashboardViewModelTest" time="0.004"/>
  <testcase name="connected state shown" classname="com.vehicletelemetry.DashboardViewModelTest" time="0.002"/>
  <testcase name="tire pressure low detection" classname="com.vehicletelemetry.DashboardViewModelTest" time="0.002"/>
  <testcase name="fuel state computed correctly" classname="com.vehicletelemetry.DashboardViewModelTest" time="0.002"/>
  <testcase name="telemetry populates ui state" classname="com.vehicletelemetry.DashboardViewModelTest" time="0.003"/>
  <system-out><![CDATA[]]></system-out>
  <system-err><![CDATA[WARNING: A Java agent has been loaded dynamically (/Users/trungtinh/.gradle/caches/9.0.0/transforms/34dbda96e2176033c8608c5fda2d8854/transformed/jetified-byte-buddy-agent-1.14.17.jar)
WARNING: If a serviceability tool is in use, please run with -XX:+EnableDynamicAgentLoading to hide this warning
WARNING: If a serviceability tool is not in use, please run with -Djdk.instrument.traceUsage for more information
WARNING: Dynamic loading of agents will be disallowed by default in a future release
]]></system-err>
</testsuite>
